# JRE version: OpenJDK Runtime Environment (8.0_152-b01) (build 1.8.0_152-release-1248-b01)
# Java VM: OpenJDK 64-Bit Server VM (25.152-b01 mixed mode linux-amd64 compressed oops)
Heap:
 PSYoungGen      total 97792K, used 12770K [0x00000000e0000000, 0x00000000e7300000, 0x0000000100000000)
  eden space 84992K, 0% used [0x00000000e0000000,0x00000000e0000000,0x00000000e5300000)
  from space 12800K, 99% used [0x00000000e6200000,0x00000000e6e78908,0x00000000e6e80000)
  to   space 15360K, 0% used [0x00000000e5300000,0x00000000e5300000,0x00000000e6200000)
 ParOldGen       total 114688K, used 11773K [0x00000000a0000000, 0x00000000a7000000, 0x00000000e0000000)
  object space 114688K, 10% used [0x00000000a0000000,0x00000000a0b7f440,0x00000000a7000000)
 Metaspace       used 34725K, capacity 35336K, committed 35496K, reserved 1079296K
  class space    used 4789K, capacity 5023K, committed 5040K, reserved 1048576K
GC Heap History (10 events):
Event: 8.766 GC heap after
Heap after GC invocations=3 (full 0):
 PSYoungGen      total 74752K, used 10212K [0x00000000e0000000, 0x00000000e5300000, 0x0000000100000000)
  eden space 64512K, 0% used [0x00000000e0000000,0x00000000e0000000,0x00000000e3f00000)
  from space 10240K, 99% used [0x00000000e3f00000,0x00000000e48f92d8,0x00000000e4900000)
  to   space 10240K, 0% used [0x00000000e4900000,0x00000000e4900000,0x00000000e5300000)
 ParOldGen       total 171008K, used 552K [0x00000000a0000000, 0x00000000aa700000, 0x00000000e0000000)
  object space 171008K, 0% used [0x00000000a0000000,0x00000000a008a1c0,0x00000000aa700000)
 Metaspace       used 20827K, capacity 21250K, committed 21296K, reserved 1067008K
  class space    used 2953K, capacity 3114K, committed 3120K, reserved 1048576K
}
Event: 8.766 GC heap before
{Heap before GC invocations=4 (full 1):
 PSYoungGen      total 74752K, used 10212K [0x00000000e0000000, 0x00000000e5300000, 0x0000000100000000)
  eden space 64512K, 0% used [0x00000000e0000000,0x00000000e0000000,0x00000000e3f00000)
  from space 10240K, 99% used [0x00000000e3f00000,0x00000000e48f92d8,0x00000000e4900000)
  to   space 10240K, 0% used [0x00000000e4900000,0x00000000e4900000,0x00000000e5300000)
 ParOldGen       total 171008K, used 552K [0x00000000a0000000, 0x00000000aa700000, 0x00000000e0000000)
  object space 171008K, 0% used [0x00000000a0000000,0x00000000a008a1c0,0x00000000aa700000)
 Metaspace       used 20827K, capacity 21250K, committed 21296K, reserved 1067008K
  class space    used 2953K, capacity 3114K, committed 3120K, reserved 1048576K
Event: 8.835 GC heap after
Heap after GC invocations=4 (full 1):
 PSYoungGen      total 74752K, used 0K [0x00000000e0000000, 0x00000000e5300000, 0x0000000100000000)
  eden space 64512K, 0% used [0x00000000e0000000,0x00000000e0000000,0x00000000e3f00000)
  from space 10240K, 0% used [0x00000000e3f00000,0x00000000e3f00000,0x00000000e4900000)
  to   space 10240K, 0% used [0x00000000e4900000,0x00000000e4900000,0x00000000e5300000)
 ParOldGen       total 114688K, used 10191K [0x00000000a0000000, 0x00000000a7000000, 0x00000000e0000000)
  object space 114688K, 8% used [0x00000000a0000000,0x00000000a09f3f98,0x00000000a7000000)
 Metaspace       used 20827K, capacity 21250K, committed 21296K, reserved 1067008K
  class space    used 2953K, capacity 3114K, committed 3120K, reserved 1048576K
}
Event: 11.214 GC heap before
{Heap before GC invocations=5 (full 1):
 PSYoungGen      total 74752K, used 64512K [0x00000000e0000000, 0x00000000e5300000, 0x0000000100000000)
  eden space 64512K, 100% used [0x00000000e0000000,0x00000000e3f00000,0x00000000e3f00000)
  from space 10240K, 0% used [0x00000000e3f00000,0x00000000e3f00000,0x00000000e4900000)
  to   space 10240K, 0% used [0x00000000e4900000,0x00000000e4900000,0x00000000e5300000)
 ParOldGen       total 114688K, used 10191K [0x00000000a0000000, 0x00000000a7000000, 0x00000000e0000000)
  object space 114688K, 8% used [0x00000000a0000000,0x00000000a09f3f98,0x00000000a7000000)
 Metaspace       used 26293K, capacity 26764K, committed 26928K, reserved 1073152K
  class space    used 3698K, capacity 3861K, committed 3888K, reserved 1048576K
Event: 11.228 GC heap after
Heap after GC invocations=5 (full 1):
 PSYoungGen      total 74752K, used 6259K [0x00000000e0000000, 0x00000000e6c80000, 0x0000000100000000)
  eden space 64512K, 0% used [0x00000000e0000000,0x00000000e0000000,0x00000000e3f00000)
  from space 10240K, 61% used [0x00000000e4900000,0x00000000e4f1ceb8,0x00000000e5300000)
  to   space 10240K, 0% used [0x00000000e3f00000,0x00000000e3f00000,0x00000000e4900000)
 ParOldGen       total 114688K, used 10191K [0x00000000a0000000, 0x00000000a7000000, 0x00000000e0000000)
  object space 114688K, 8% used [0x00000000a0000000,0x00000000a09f3f98,0x00000000a7000000)
 Metaspace       used 26293K, capacity 26764K, committed 26928K, reserved 1073152K
  class space    used 3698K, capacity 3861K, committed 3888K, reserved 1048576K
}
Event: 16.296 GC heap before
{Heap before GC invocations=6 (full 1):
 PSYoungGen      total 74752K, used 70771K [0x00000000e0000000, 0x00000000e6c80000, 0x0000000100000000)
  eden space 64512K, 100% used [0x00000000e0000000,0x00000000e3f00000,0x00000000e3f00000)
  from space 10240K, 61% used [0x00000000e4900000,0x00000000e4f1ceb8,0x00000000e5300000)
  to   space 10240K, 0% used [0x00000000e3f00000,0x00000000e3f00000,0x00000000e4900000)
 ParOldGen       total 114688K, used 10191K [0x00000000a0000000, 0x00000000a7000000, 0x00000000e0000000)
  object space 114688K, 8% used [0x00000000a0000000,0x00000000a09f3f98,0x00000000a7000000)
 Metaspace       used 30648K, capacity 31318K, committed 31536K, reserved 1077248K
  class space    used 4286K, capacity 4541K, committed 4656K, reserved 1048576K
Event: 16.304 GC heap after
Heap after GC invocations=6 (full 1):
 PSYoungGen      total 74752K, used 9933K [0x00000000e0000000, 0x00000000e6e80000, 0x0000000100000000)
  eden space 64512K, 0% used [0x00000000e0000000,0x00000000e0000000,0x00000000e3f00000)
  from space 10240K, 97% used [0x00000000e3f00000,0x00000000e48b3610,0x00000000e4900000)
  to   space 12800K, 0% used [0x00000000e6200000,0x00000000e6200000,0x00000000e6e80000)
 ParOldGen       total 114688K, used 10199K [0x00000000a0000000, 0x00000000a7000000, 0x00000000e0000000)
  object space 114688K, 8% used [0x00000000a0000000,0x00000000a09f5f98,0x00000000a7000000)
 Metaspace       used 30648K, capacity 31318K, committed 31536K, reserved 1077248K
  class space    used 4286K, capacity 4541K, committed 4656K, reserved 1048576K
}
Event: 26.791 GC heap before
{Heap before GC invocations=7 (full 1):
 PSYoungGen      total 74752K, used 72213K [0x00000000e0000000, 0x00000000e6e80000, 0x0000000100000000)
  eden space 64512K, 96% used [0x00000000e0000000,0x00000000e3cd2000,0x00000000e3f00000)
  from space 10240K, 97% used [0x00000000e3f00000,0x00000000e48b3610,0x00000000e4900000)
  to   space 12800K, 0% used [0x00000000e6200000,0x00000000e6200000,0x00000000e6e80000)
 ParOldGen       total 114688K, used 10199K [0x00000000a0000000, 0x00000000a7000000, 0x00000000e0000000)
  object space 114688K, 8% used [0x00000000a0000000,0x00000000a09f5f98,0x00000000a7000000)
 Metaspace       used 34725K, capacity 35336K, committed 35496K, reserved 1079296K
  class space    used 4789K, capacity 5023K, committed 5040K, reserved 1048576K
Event: 26.829 GC heap after
Heap after GC invocations=7 (full 1):
 PSYoungGen      total 97792K, used 12770K [0x00000000e0000000, 0x00000000e7300000, 0x0000000100000000)
  eden space 84992K, 0% used [0x00000000e0000000,0x00000000e0000000,0x00000000e5300000)
  from space 12800K, 99% used [0x00000000e6200000,0x00000000e6e78908,0x00000000e6e80000)
  to   space 15360K, 0% used [0x00000000e5300000,0x00000000e5300000,0x00000000e6200000)
 ParOldGen       total 114688K, used 11773K [0x00000000a0000000, 0x00000000a7000000, 0x00000000e0000000)
  object space 114688K, 10% used [0x00000000a0000000,0x00000000a0b7f440,0x00000000a7000000)
 Metaspace       used 34725K, capacity 35336K, committed 35496K, reserved 1079296K
  class space    used 4789K, capacity 5023K, committed 5040K, reserved 1048576K
}
Event: 26.829 GC heap before
{Heap before GC invocations=8 (full 2):
 PSYoungGen      total 97792K, used 12770K [0x00000000e0000000, 0x00000000e7300000, 0x0000000100000000)
  eden space 84992K, 0% used [0x00000000e0000000,0x00000000e0000000,0x00000000e5300000)
  from space 12800K, 99% used [0x00000000e6200000,0x00000000e6e78908,0x00000000e6e80000)
  to   space 15360K, 0% used [0x00000000e5300000,0x00000000e5300000,0x00000000e6200000)
 ParOldGen       total 114688K, used 11773K [0x00000000a0000000, 0x00000000a7000000, 0x00000000e0000000)
  object space 114688K, 10% used [0x00000000a0000000,0x00000000a0b7f440,0x00000000a7000000)
 Metaspace       used 34725K, capacity 35336K, committed 35496K, reserved 1079296K
  class space    used 4789K, capacity 5023K, committed 5040K, reserved 1048576K

