# JRE version: OpenJDK Runtime Environment (8.0_152-b01) (build 1.8.0_152-release-1248-b01)
# Java VM: OpenJDK 64-Bit Server VM (25.152-b01 mixed mode linux-amd64 compressed oops)
Heap:
 PSYoungGen      total 414208K, used 110070K [0x00000000e0000000, 0x0000000100000000, 0x0000000100000000)
  eden space 304128K, 0% used [0x00000000e0000000,0x00000000e0000000,0x00000000f2900000)
  from space 110080K, 99% used [0x00000000f2900000,0x00000000f947db10,0x00000000f9480000)
  to   space 110080K, 0% used [0x00000000f9480000,0x00000000f9480000,0x0000000100000000)
 ParOldGen       total 606208K, used 555287K [0x00000000a0000000, 0x00000000c5000000, 0x00000000e0000000)
  object space 606208K, 91% used [0x00000000a0000000,0x00000000c1e45d80,0x00000000c5000000)
 Metaspace       used 99088K, capacity 103447K, committed 103600K, reserved 1140736K
  class space    used 12313K, capacity 13193K, committed 13232K, reserved 1048576K
GC Heap History (10 events):
Event: 2123.704 GC heap after
Heap after GC invocations=68 (full 5):
 PSYoungGen      total 385536K, used 37177K [0x00000000e0000000, 0x00000000ff900000, 0x0000000100000000)
  eden space 260096K, 0% used [0x00000000e0000000,0x00000000e0000000,0x00000000efe00000)
  from space 125440K, 29% used [0x00000000efe00000,0x00000000f224e7b8,0x00000000f7880000)
  to   space 117760K, 0% used [0x00000000f8600000,0x00000000f8600000,0x00000000ff900000)
 ParOldGen       total 606208K, used 510667K [0x00000000a0000000, 0x00000000c5000000, 0x00000000e0000000)
  object space 606208K, 84% used [0x00000000a0000000,0x00000000bf2b2e70,0x00000000c5000000)
 Metaspace       used 99054K, capacity 103443K, committed 103600K, reserved 1140736K
  class space    used 12312K, capacity 13193K, committed 13232K, reserved 1048576K
}
Event: 2124.699 GC heap before
{Heap before GC invocations=69 (full 5):
 PSYoungGen      total 385536K, used 297273K [0x00000000e0000000, 0x00000000ff900000, 0x0000000100000000)
  eden space 260096K, 100% used [0x00000000e0000000,0x00000000efe00000,0x00000000efe00000)
  from space 125440K, 29% used [0x00000000efe00000,0x00000000f224e7b8,0x00000000f7880000)
  to   space 117760K, 0% used [0x00000000f8600000,0x00000000f8600000,0x00000000ff900000)
 ParOldGen       total 606208K, used 510686K [0x00000000a0000000, 0x00000000c5000000, 0x00000000e0000000)
  object space 606208K, 84% used [0x00000000a0000000,0x00000000bf2b7ac8,0x00000000c5000000)
 Metaspace       used 99063K, capacity 103443K, committed 103600K, reserved 1140736K
  class space    used 12312K, capacity 13193K, committed 13232K, reserved 1048576K
Event: 2124.730 GC heap after
Heap after GC invocations=69 (full 5):
 PSYoungGen      total 381952K, used 33129K [0x00000000e0000000, 0x00000000fe880000, 0x0000000100000000)
  eden space 281088K, 0% used [0x00000000e0000000,0x00000000e0000000,0x00000000f1280000)
  from space 100864K, 32% used [0x00000000f8600000,0x00000000fa65a480,0x00000000fe880000)
  to   space 109568K, 0% used [0x00000000f1280000,0x00000000f1280000,0x00000000f7d80000)
 ParOldGen       total 606208K, used 517448K [0x00000000a0000000, 0x00000000c5000000, 0x00000000e0000000)
  object space 606208K, 85% used [0x00000000a0000000,0x00000000bf952390,0x00000000c5000000)
 Metaspace       used 99063K, capacity 103443K, committed 103600K, reserved 1140736K
  class space    used 12312K, capacity 13193K, committed 13232K, reserved 1048576K
}
Event: 2125.348 GC heap before
{Heap before GC invocations=70 (full 5):
 PSYoungGen      total 381952K, used 314217K [0x00000000e0000000, 0x00000000fe880000, 0x0000000100000000)
  eden space 281088K, 100% used [0x00000000e0000000,0x00000000f1280000,0x00000000f1280000)
  from space 100864K, 32% used [0x00000000f8600000,0x00000000fa65a480,0x00000000fe880000)
  to   space 109568K, 0% used [0x00000000f1280000,0x00000000f1280000,0x00000000f7d80000)
 ParOldGen       total 606208K, used 517448K [0x00000000a0000000, 0x00000000c5000000, 0x00000000e0000000)
  object space 606208K, 85% used [0x00000000a0000000,0x00000000bf952390,0x00000000c5000000)
 Metaspace       used 99077K, capacity 103443K, committed 103600K, reserved 1140736K
  class space    used 12313K, capacity 13193K, committed 13232K, reserved 1048576K
Event: 2125.396 GC heap after
Heap after GC invocations=70 (full 5):
 PSYoungGen      total 390656K, used 17370K [0x00000000e0000000, 0x00000000ffe80000, 0x0000000100000000)
  eden space 281088K, 0% used [0x00000000e0000000,0x00000000e0000000,0x00000000f1280000)
  from space 109568K, 15% used [0x00000000f1280000,0x00000000f2376a58,0x00000000f7d80000)
  to   space 104448K, 0% used [0x00000000f9880000,0x00000000f9880000,0x00000000ffe80000)
 ParOldGen       total 606208K, used 526249K [0x00000000a0000000, 0x00000000c5000000, 0x00000000e0000000)
  object space 606208K, 86% used [0x00000000a0000000,0x00000000c01ea450,0x00000000c5000000)
 Metaspace       used 99077K, capacity 103443K, committed 103600K, reserved 1140736K
  class space    used 12313K, capacity 13193K, committed 13232K, reserved 1048576K
}
Event: 2126.245 GC heap before
{Heap before GC invocations=71 (full 5):
 PSYoungGen      total 390656K, used 298458K [0x00000000e0000000, 0x00000000ffe80000, 0x0000000100000000)
  eden space 281088K, 100% used [0x00000000e0000000,0x00000000f1280000,0x00000000f1280000)
  from space 109568K, 15% used [0x00000000f1280000,0x00000000f2376a58,0x00000000f7d80000)
  to   space 104448K, 0% used [0x00000000f9880000,0x00000000f9880000,0x00000000ffe80000)
 ParOldGen       total 606208K, used 526249K [0x00000000a0000000, 0x00000000c5000000, 0x00000000e0000000)
  object space 606208K, 86% used [0x00000000a0000000,0x00000000c01ea450,0x00000000c5000000)
 Metaspace       used 99087K, capacity 103447K, committed 103600K, reserved 1140736K
  class space    used 12313K, capacity 13193K, committed 13232K, reserved 1048576K
Event: 2126.282 GC heap after
Heap after GC invocations=71 (full 5):
 PSYoungGen      total 408576K, used 65459K [0x00000000e0000000, 0x0000000100000000, 0x0000000100000000)
  eden space 304128K, 0% used [0x00000000e0000000,0x00000000e0000000,0x00000000f2900000)
  from space 104448K, 62% used [0x00000000f9880000,0x00000000fd86cef0,0x00000000ffe80000)
  to   space 110080K, 0% used [0x00000000f2900000,0x00000000f2900000,0x00000000f9480000)
 ParOldGen       total 606208K, used 528025K [0x00000000a0000000, 0x00000000c5000000, 0x00000000e0000000)
  object space 606208K, 87% used [0x00000000a0000000,0x00000000c03a6670,0x00000000c5000000)
 Metaspace       used 99087K, capacity 103447K, committed 103600K, reserved 1140736K
  class space    used 12313K, capacity 13193K, committed 13232K, reserved 1048576K
}
Event: 2127.545 GC heap before
{Heap before GC invocations=72 (full 5):
 PSYoungGen      total 408576K, used 369587K [0x00000000e0000000, 0x0000000100000000, 0x0000000100000000)
  eden space 304128K, 100% used [0x00000000e0000000,0x00000000f2900000,0x00000000f2900000)
  from space 104448K, 62% used [0x00000000f9880000,0x00000000fd86cef0,0x00000000ffe80000)
  to   space 110080K, 0% used [0x00000000f2900000,0x00000000f2900000,0x00000000f9480000)
 ParOldGen       total 606208K, used 528025K [0x00000000a0000000, 0x00000000c5000000, 0x00000000e0000000)
  object space 606208K, 87% used [0x00000000a0000000,0x00000000c03a6670,0x00000000c5000000)
 Metaspace       used 99088K, capacity 103447K, committed 103600K, reserved 1140736K
  class space    used 12313K, capacity 13193K, committed 13232K, reserved 1048576K
Event: 2127.691 GC heap after
Heap after GC invocations=72 (full 5):
 PSYoungGen      total 414208K, used 110070K [0x00000000e0000000, 0x0000000100000000, 0x0000000100000000)
  eden space 304128K, 0% used [0x00000000e0000000,0x00000000e0000000,0x00000000f2900000)
  from space 110080K, 99% used [0x00000000f2900000,0x00000000f947db10,0x00000000f9480000)
  to   space 110080K, 0% used [0x00000000f9480000,0x00000000f9480000,0x0000000100000000)
 ParOldGen       total 606208K, used 555287K [0x00000000a0000000, 0x00000000c5000000, 0x00000000e0000000)
  object space 606208K, 91% used [0x00000000a0000000,0x00000000c1e45d80,0x00000000c5000000)
 Metaspace       used 99088K, capacity 103447K, committed 103600K, reserved 1140736K
  class space    used 12313K, capacity 13193K, committed 13232K, reserved 1048576K
}
Event: 2127.691 GC heap before
{Heap before GC invocations=73 (full 6):
 PSYoungGen      total 414208K, used 110070K [0x00000000e0000000, 0x0000000100000000, 0x0000000100000000)
  eden space 304128K, 0% used [0x00000000e0000000,0x00000000e0000000,0x00000000f2900000)
  from space 110080K, 99% used [0x00000000f2900000,0x00000000f947db10,0x00000000f9480000)
  to   space 110080K, 0% used [0x00000000f9480000,0x00000000f9480000,0x0000000100000000)
 ParOldGen       total 606208K, used 555287K [0x00000000a0000000, 0x00000000c5000000, 0x00000000e0000000)
  object space 606208K, 91% used [0x00000000a0000000,0x00000000c1e45d80,0x00000000c5000000)
 Metaspace       used 99088K, capacity 103447K, committed 103600K, reserved 1140736K
  class space    used 12313K, capacity 13193K, committed 13232K, reserved 1048576K

